<?xml version="1.0" encoding="utf-8"?><testsuites name="pytest tests"><testsuite name="pytest" errors="0" failures="0" skipped="0" tests="27" time="36.346" timestamp="2026-01-18T10:21:08.454347+00:00" hostname="agent-env-9ac21386-c9f5-4020-94b6-6e9cb6c1ad96"><testcase classname="tests.test_quality_studio_api.TestHealthAndAuth" name="test_health_check" time="0.004" /><testcase classname="tests.test_quality_studio_api.TestHealthAndAuth" name="test_demo_users_endpoint" time="0.002" /><testcase classname="tests.test_quality_studio_api.TestHealthAndAuth" name="test_login_admin" time="0.224" /><testcase classname="tests.test_quality_studio_api.TestHealthAndAuth" name="test_login_inspector" time="0.227" /><testcase classname="tests.test_quality_studio_api.TestHealthAndAuth" name="test_login_invalid_credentials" time="0.003" /><testcase classname="tests.test_quality_studio_api.TestHealthAndAuth" name="test_token_validation" time="0.233" /><testcase classname="tests.test_quality_studio_api.TestHealthAndAuth" name="test_get_current_user" time="0.230" /><testcase classname="tests.test_quality_studio_api.TestDefectTickets" name="test_list_defect_tickets" time="0.236" /><testcase classname="tests.test_quality_studio_api.TestDefectTickets" name="test_create_defect_ticket" time="0.241" /><testcase classname="tests.test_quality_studio_api.TestDefectTickets" name="test_get_defect_ticket" time="0.234" /><testcase classname="tests.test_quality_studio_api.TestDefectTickets" name="test_update_defect_ticket" time="0.238" /><testcase classname="tests.test_quality_studio_api.TestDefectTickets" name="test_delete_defect_ticket" time="0.235" /><testcase classname="tests.test_quality_studio_api.TestCustomerComplaints" name="test_list_customer_complaints" time="0.234" /><testcase classname="tests.test_quality_studio_api.TestCustomerComplaints" name="test_create_customer_complaint" time="0.243" /><testcase classname="tests.test_quality_studio_api.TestRCARecords" name="test_list_rca_records" time="0.238" /><testcase classname="tests.test_quality_studio_api.TestRCARecords" name="test_create_rca_record" time="0.249" /><testcase classname="tests.test_quality_studio_api.TestCAPAPlans" name="test_list_capa_plans" time="0.250" /><testcase classname="tests.test_quality_studio_api.TestStatistics" name="test_get_statistics" time="0.279" /><testcase classname="tests.test_quality_studio_api.TestAIEndpoints" name="test_rca_suggestions" time="17.015" /><testcase classname="tests.test_quality_studio_api.TestAIEndpoints" name="test_classify_defect" time="2.590" /><testcase classname="tests.test_quality_studio_api.TestAIEndpoints" name="test_generate_capa" time="11.483" /><testcase classname="tests.test_quality_studio_api.TestOtherEntities" name="test_list_process_runs" time="0.361" /><testcase classname="tests.test_quality_studio_api.TestOtherEntities" name="test_list_golden_batches" time="0.229" /><testcase classname="tests.test_quality_studio_api.TestOtherEntities" name="test_list_sops" time="0.233" /><testcase classname="tests.test_quality_studio_api.TestOtherEntities" name="test_list_kpis" time="0.232" /><testcase classname="tests.test_quality_studio_api.TestOtherEntities" name="test_list_equipment" time="0.232" /><testcase classname="tests.test_quality_studio_api.TestOtherEntities" name="test_list_knowledge_documents" time="0.232" /></testsuite></testsuites>