<?xml version="1.0" encoding="utf-8"?><testsuites name="pytest tests"><testsuite name="pytest" errors="0" failures="0" skipped="0" tests="38" time="30.192" timestamp="2026-01-18T09:04:37.413392+00:00" hostname="agent-env-b0133cd1-06eb-46f5-ac9e-0e458cd316d7"><testcase classname="tests.test_backend_api.TestHealthAndAuth" name="test_health_check" time="0.004" /><testcase classname="tests.test_backend_api.TestHealthAndAuth" name="test_root_endpoint" time="0.002" /><testcase classname="tests.test_backend_api.TestHealthAndAuth" name="test_login_admin_success" time="0.226" /><testcase classname="tests.test_backend_api.TestHealthAndAuth" name="test_login_inspector_success" time="0.226" /><testcase classname="tests.test_backend_api.TestHealthAndAuth" name="test_login_invalid_credentials" time="0.003" /><testcase classname="tests.test_backend_api.TestHealthAndAuth" name="test_login_missing_fields" time="0.002" /><testcase classname="tests.test_backend_api.TestHealthAndAuth" name="test_get_demo_users" time="0.001" /><testcase classname="tests.test_backend_api.TestHealthAndAuth" name="test_get_roles" time="0.002" /><testcase classname="tests.test_backend_api.TestStatistics" name="test_get_statistics" time="0.012" /><testcase classname="tests.test_backend_api.TestCustomerComplaints" name="test_list_customer_complaints" time="0.003" /><testcase classname="tests.test_backend_api.TestCustomerComplaints" name="test_create_customer_complaint" time="0.009" /><testcase classname="tests.test_backend_api.TestCustomerComplaints" name="test_get_customer_complaint_by_id" time="0.002" /><testcase classname="tests.test_backend_api.TestCustomerComplaints" name="test_update_customer_complaint" time="0.004" /><testcase classname="tests.test_backend_api.TestCustomerComplaints" name="test_filter_customer_complaints" time="0.004" /><testcase classname="tests.test_backend_api.TestCustomerComplaints" name="test_delete_customer_complaint" time="0.004" /><testcase classname="tests.test_backend_api.TestDefectTickets" name="test_list_defect_tickets" time="0.003" /><testcase classname="tests.test_backend_api.TestDefectTickets" name="test_create_defect_ticket" time="0.006" /><testcase classname="tests.test_backend_api.TestDefectTickets" name="test_get_defect_ticket_by_id" time="0.002" /><testcase classname="tests.test_backend_api.TestDefectTickets" name="test_update_defect_ticket" time="0.003" /><testcase classname="tests.test_backend_api.TestDefectTickets" name="test_delete_defect_ticket" time="0.002" /><testcase classname="tests.test_backend_api.TestRCARecords" name="test_list_rca_records" time="0.002" /><testcase classname="tests.test_backend_api.TestRCARecords" name="test_create_rca_record" time="0.005" /><testcase classname="tests.test_backend_api.TestRCARecords" name="test_delete_rca_record" time="0.002" /><testcase classname="tests.test_backend_api.TestCAPAPlans" name="test_list_capa_plans" time="0.003" /><testcase classname="tests.test_backend_api.TestCAPAPlans" name="test_create_capa_plan" time="0.005" /><testcase classname="tests.test_backend_api.TestCAPAPlans" name="test_delete_capa_plan" time="0.002" /><testcase classname="tests.test_backend_api.TestProcessRuns" name="test_list_process_runs" time="0.143" /><testcase classname="tests.test_backend_api.TestProcessRuns" name="test_create_process_run" time="0.005" /><testcase classname="tests.test_backend_api.TestProcessRuns" name="test_delete_process_run" time="0.002" /><testcase classname="tests.test_backend_api.TestGoldenBatches" name="test_list_golden_batches" time="0.002" /><testcase classname="tests.test_backend_api.TestSOPs" name="test_list_sops" time="0.003" /><testcase classname="tests.test_backend_api.TestKPIs" name="test_list_kpis" time="0.003" /><testcase classname="tests.test_backend_api.TestKnowledgeDocuments" name="test_list_knowledge_documents" time="0.003" /><testcase classname="tests.test_backend_api.TestAIEndpoints" name="test_rca_suggestions" time="17.504" /><testcase classname="tests.test_backend_api.TestAIEndpoints" name="test_classify_defect" time="1.548" /><testcase classname="tests.test_backend_api.TestAIEndpoints" name="test_generate_capa" time="10.318" /><testcase classname="tests.test_backend_api.TestEquipment" name="test_list_equipment" time="0.003" /><testcase classname="tests.test_backend_api.TestDoE" name="test_list_does" time="0.002" /></testsuite></testsuites>