<?xml version="1.0" encoding="utf-8"?><testsuites name="pytest tests"><testsuite name="pytest" errors="0" failures="0" skipped="0" tests="25" time="0.729" timestamp="2026-01-18T09:25:24.927217+00:00" hostname="agent-env-b0133cd1-06eb-46f5-ac9e-0e458cd316d7"><testcase classname="tests.test_new_features.TestHealthAndBasics" name="test_health_endpoint" time="0.004" /><testcase classname="tests.test_new_features.TestHealthAndBasics" name="test_root_endpoint" time="0.002" /><testcase classname="tests.test_new_features.TestExportEndpoints" name="test_export_defects_pdf" time="0.008" /><testcase classname="tests.test_new_features.TestExportEndpoints" name="test_export_defects_excel" time="0.010" /><testcase classname="tests.test_new_features.TestExportEndpoints" name="test_export_complaints_pdf" time="0.009" /><testcase classname="tests.test_new_features.TestExportEndpoints" name="test_export_complaints_excel" time="0.010" /><testcase classname="tests.test_new_features.TestExportEndpoints" name="test_export_kpis_pdf" time="0.009" /><testcase classname="tests.test_new_features.TestExportEndpoints" name="test_export_kpis_excel" time="0.011" /><testcase classname="tests.test_new_features.TestExportEndpoints" name="test_export_full_excel" time="0.017" /><testcase classname="tests.test_new_features.TestFileUploadEndpoints" name="test_list_files" time="0.002" /><testcase classname="tests.test_new_features.TestFileUploadEndpoints" name="test_upload_file" time="0.004" /><testcase classname="tests.test_new_features.TestFileUploadEndpoints" name="test_upload_file_with_subdirectory" time="0.004" /><testcase classname="tests.test_new_features.TestFileUploadEndpoints" name="test_serve_uploaded_file" time="0.006" /><testcase classname="tests.test_new_features.TestEmailNotificationEndpoints" name="test_email_status" time="0.001" /><testcase classname="tests.test_new_features.TestEmailNotificationEndpoints" name="test_send_test_email_requires_auth" time="0.002" /><testcase classname="tests.test_new_features.TestEmailNotificationEndpoints" name="test_send_test_email_requires_admin" time="0.241" /><testcase classname="tests.test_new_features.TestNotificationBroadcast" name="test_broadcast_requires_auth" time="0.002" /><testcase classname="tests.test_new_features.TestNotificationBroadcast" name="test_broadcast_with_auth" time="0.002" /><testcase classname="tests.test_new_features.TestExistingFunctionality" name="test_auth_login" time="0.228" /><testcase classname="tests.test_new_features.TestExistingFunctionality" name="test_defect_tickets_list" time="0.004" /><testcase classname="tests.test_new_features.TestExistingFunctionality" name="test_customer_complaints_list" time="0.003" /><testcase classname="tests.test_new_features.TestExistingFunctionality" name="test_rca_records_list" time="0.003" /><testcase classname="tests.test_new_features.TestExistingFunctionality" name="test_capa_plans_list" time="0.003" /><testcase classname="tests.test_new_features.TestExistingFunctionality" name="test_statistics_endpoint" time="0.006" /><testcase classname="tests.test_new_features.TestWebSocketEndpoint" name="test_websocket_endpoint_exists" time="0.000" /></testsuite></testsuites>